c:\users\edgar\onedrive\projects\source\repos\beltaine\createdatatable\createdatatable\x64\debug\createdatatable.pch
c:\users\edgar\onedrive\projects\source\repos\beltaine\createdatatable\createdatatable\x64\debug\vc141.pdb
c:\users\edgar\onedrive\projects\source\repos\beltaine\createdatatable\createdatatable\x64\debug\vc141.idb
c:\users\edgar\onedrive\projects\source\repos\beltaine\createdatatable\createdatatable\x64\debug\pch.obj
c:\users\edgar\onedrive\projects\source\repos\beltaine\createdatatable\createdatatable\x64\debug\myexception.obj
c:\users\edgar\onedrive\projects\source\repos\beltaine\createdatatable\createdatatable\x64\debug\table.obj
c:\users\edgar\onedrive\projects\source\repos\beltaine\createdatatable\createdatatable\x64\debug\stockprice.obj
c:\users\edgar\onedrive\projects\source\repos\beltaine\createdatatable\createdatatable\x64\debug\sqlconnection.obj
c:\users\edgar\onedrive\projects\source\repos\beltaine\createdatatable\createdatatable\x64\debug\createdatatable.obj
c:\users\edgar\onedrive\projects\source\repos\beltaine\createdatatable\x64\debug\createdatatable.lib
c:\users\edgar\onedrive\projects\source\repos\beltaine\createdatatable\x64\debug\createdatatable.exp
c:\users\edgar\onedrive\projects\source\repos\beltaine\createdatatable\createdatatable\x64\debug\vcpkg.applocal.log
c:\users\edgar\onedrive\projects\source\repos\beltaine\createdatatable\x64\debug\createdatatable.exe
c:\users\edgar\onedrive\projects\source\repos\beltaine\createdatatable\x64\debug\createdatatable.ilk
c:\users\edgar\onedrive\projects\source\repos\beltaine\createdatatable\x64\debug\createdatatable.pdb
c:\users\edgar\onedrive\projects\source\repos\createdatatable\createdatatable\x64\debug\createdatatable.obj
c:\users\edgar\onedrive\projects\source\repos\createdatatable\createdatatable\x64\debug\myexception.obj
c:\users\edgar\onedrive\projects\source\repos\createdatatable\createdatatable\x64\debug\pch.obj
c:\users\edgar\onedrive\projects\source\repos\createdatatable\createdatatable\x64\debug\sqlconnection.obj
c:\users\edgar\onedrive\projects\source\repos\createdatatable\createdatatable\x64\debug\stockprice.obj
c:\users\edgar\onedrive\projects\source\repos\createdatatable\createdatatable\x64\debug\table.obj
c:\users\edgar\onedrive\projects\source\repos\createdatatable\createdatatable\x64\debug\createdatatable.pch
c:\users\edgar\onedrive\projects\source\repos\createdatatable\createdatatable\x64\debug\vc141.idb
c:\users\edgar\onedrive\projects\source\repos\createdatatable\createdatatable\x64\debug\vc141.pdb
c:\users\edgar\onedrive\projects\source\repos\createdatatable\x64\debug\createdatatable.pdb
c:\users\edgar\onedrive\projects\source\repos\createdatatable\x64\debug\createdatatable.exe
c:\users\edgar\onedrive\projects\source\repos\createdatatable\x64\debug\createdatatable.ilk
c:\users\edgar\onedrive\projects\source\repos\createdatatable\createdatatable\x64\debug\createdatatable.tlog\cl.command.1.tlog
c:\users\edgar\onedrive\projects\source\repos\createdatatable\createdatatable\x64\debug\createdatatable.tlog\cl.read.1.tlog
c:\users\edgar\onedrive\projects\source\repos\createdatatable\createdatatable\x64\debug\createdatatable.tlog\cl.write.1.tlog
c:\users\edgar\onedrive\projects\source\repos\createdatatable\createdatatable\x64\debug\createdatatable.tlog\createdatatable.write.1u.tlog
c:\users\edgar\onedrive\projects\source\repos\createdatatable\createdatatable\x64\debug\createdatatable.tlog\link.command.1.tlog
c:\users\edgar\onedrive\projects\source\repos\createdatatable\createdatatable\x64\debug\createdatatable.tlog\link.read.1.tlog
c:\users\edgar\onedrive\projects\source\repos\createdatatable\createdatatable\x64\debug\createdatatable.tlog\link.write.1.tlog
