  pch.cpp
  CreateDataTable.cpp
c:\users\edgar\onedrive\projects\source\repos\createdatatable\createdatatable\database\sqlconnection.h(15): warning C4067: unexpected tokens following preprocessor directive - expected a newline
c:\users\edgar\onedrive\projects\source\repos\createdatatable\createdatatable\database\sqlconnection.h(16): warning C4067: unexpected tokens following preprocessor directive - expected a newline
c:\users\edgar\onedrive\projects\source\repos\createdatatable\createdatatable\domain\stockprice.h(88): warning C4267: 'return': conversion from 'size_t' to 'int', possible loss of data
  SqlConnection.cpp
c:\users\edgar\onedrive\projects\source\repos\createdatatable\createdatatable\database\sqlconnection.h(15): warning C4067: unexpected tokens following preprocessor directive - expected a newline
c:\users\edgar\onedrive\projects\source\repos\createdatatable\createdatatable\database\sqlconnection.h(16): warning C4067: unexpected tokens following preprocessor directive - expected a newline
c:\users\edgar\onedrive\projects\source\repos\createdatatable\createdatatable\database\sqlconnection.cpp(591): warning C4067: unexpected tokens following preprocessor directive - expected a newline
c:\users\edgar\onedrive\projects\source\repos\createdatatable\createdatatable\database\sqlconnection.cpp(592): warning C4067: unexpected tokens following preprocessor directive - expected a newline
c:\users\edgar\onedrive\projects\source\repos\createdatatable\createdatatable\database\sqlconnection.cpp(506): warning C4101: 'buf': unreferenced local variable
c:\users\edgar\onedrive\projects\source\repos\createdatatable\createdatatable\database\sqlconnection.cpp(507): warning C4101: 'indicator': unreferenced local variable
  StockPrice.cpp
c:\users\edgar\onedrive\projects\source\repos\createdatatable\createdatatable\database\sqlconnection.h(15): warning C4067: unexpected tokens following preprocessor directive - expected a newline
c:\users\edgar\onedrive\projects\source\repos\createdatatable\createdatatable\database\sqlconnection.h(16): warning C4067: unexpected tokens following preprocessor directive - expected a newline
c:\users\edgar\onedrive\projects\source\repos\createdatatable\createdatatable\domain\stockprice.h(88): warning C4267: 'return': conversion from 'size_t' to 'int', possible loss of data
c:\users\edgar\onedrive\projects\source\repos\createdatatable\createdatatable\domain\stockprice.cpp(49): warning C4267: 'return': conversion from 'size_t' to 'int', possible loss of data
c:\users\edgar\onedrive\projects\source\repos\createdatatable\createdatatable\domain\stockprice.cpp(56): warning C4267: 'return': conversion from 'size_t' to 'int', possible loss of data
  Table.cpp
c:\users\edgar\onedrive\projects\source\repos\createdatatable\createdatatable\database\sqlconnection.h(15): warning C4067: unexpected tokens following preprocessor directive - expected a newline
c:\users\edgar\onedrive\projects\source\repos\createdatatable\createdatatable\database\sqlconnection.h(16): warning C4067: unexpected tokens following preprocessor directive - expected a newline
c:\users\edgar\onedrive\projects\source\repos\createdatatable\createdatatable\domain\stockprice.h(88): warning C4267: 'return': conversion from 'size_t' to 'int', possible loss of data
c:\users\edgar\onedrive\projects\source\repos\createdatatable\createdatatable\domain\table.cpp(20): warning C4067: unexpected tokens following preprocessor directive - expected a newline
c:\users\edgar\onedrive\projects\source\repos\createdatatable\createdatatable\domain\table.cpp(21): warning C4067: unexpected tokens following preprocessor directive - expected a newline
c:\users\edgar\onedrive\projects\source\repos\createdatatable\createdatatable\domain\table.cpp(30): warning C4267: 'return': conversion from 'size_t' to 'int', possible loss of data
c:\users\edgar\onedrive\projects\source\repos\createdatatable\createdatatable\domain\table.cpp(142): warning C4267: 'return': conversion from 'size_t' to 'unsigned long', possible loss of data
c:\users\edgar\onedrive\projects\source\repos\createdatatable\createdatatable\domain\table.cpp(145): warning C4267: 'return': conversion from 'size_t' to 'unsigned long', possible loss of data
c:\users\edgar\onedrive\projects\source\repos\createdatatable\createdatatable\domain\table.cpp(165): warning C4267: 'return': conversion from 'size_t' to 'unsigned long', possible loss of data
c:\users\edgar\onedrive\projects\source\repos\createdatatable\createdatatable\domain\table.cpp(168): warning C4267: 'return': conversion from 'size_t' to 'unsigned long', possible loss of data
c:\users\edgar\onedrive\projects\source\repos\createdatatable\createdatatable\domain\table.cpp(1188): warning C4244: '=': conversion from 'SQLBIGINT' to 'double', possible loss of data
  MyException.cpp
  Generating Code...
     Creating library C:\Users\edgar\OneDrive\Projects\Source\Repos\CreateDataTable\x64\Debug\CreateDataTable.lib and object C:\Users\edgar\OneDrive\Projects\Source\Repos\CreateDataTable\x64\Debug\CreateDataTable.exp
  CreateDataTable.vcxproj -> C:\Users\edgar\OneDrive\Projects\Source\Repos\CreateDataTable\x64\Debug\CreateDataTable.exe
