c:\users\edgar\onedrive\projects\source\repos\beltaine\createdatatable\createdatatable\x64\release\createdatatable.pch
c:\users\edgar\onedrive\projects\source\repos\beltaine\createdatatable\createdatatable\x64\release\vc141.pdb
c:\users\edgar\onedrive\projects\source\repos\beltaine\createdatatable\createdatatable\x64\release\pch.obj
c:\users\edgar\onedrive\projects\source\repos\beltaine\createdatatable\createdatatable\x64\release\myexception.obj
c:\users\edgar\onedrive\projects\source\repos\beltaine\createdatatable\createdatatable\x64\release\table.obj
c:\users\edgar\onedrive\projects\source\repos\beltaine\createdatatable\createdatatable\x64\release\stockprice.obj
c:\users\edgar\onedrive\projects\source\repos\beltaine\createdatatable\createdatatable\x64\release\sqlconnection.obj
c:\users\edgar\onedrive\projects\source\repos\beltaine\createdatatable\createdatatable\x64\release\createdatatable.obj
c:\users\edgar\onedrive\projects\source\repos\beltaine\createdatatable\x64\release\createdatatable.lib
c:\users\edgar\onedrive\projects\source\repos\beltaine\createdatatable\x64\release\createdatatable.exp
c:\users\edgar\onedrive\projects\source\repos\beltaine\createdatatable\x64\release\createdatatable.ipdb
c:\users\edgar\onedrive\projects\source\repos\beltaine\createdatatable\x64\release\createdatatable.iobj
c:\users\edgar\onedrive\projects\source\repos\beltaine\createdatatable\createdatatable\x64\release\vcpkg.applocal.log
c:\users\edgar\onedrive\projects\source\repos\beltaine\createdatatable\x64\release\createdatatable.exe
c:\users\edgar\onedrive\projects\source\repos\beltaine\createdatatable\x64\release\createdatatable.pdb
c:\users\edgar\onedrive\projects\source\repos\createdatatable\createdatatable\x64\release\createdatatable.obj
c:\users\edgar\onedrive\projects\source\repos\createdatatable\createdatatable\x64\release\myexception.obj
c:\users\edgar\onedrive\projects\source\repos\createdatatable\createdatatable\x64\release\pch.obj
c:\users\edgar\onedrive\projects\source\repos\createdatatable\createdatatable\x64\release\sqlconnection.obj
c:\users\edgar\onedrive\projects\source\repos\createdatatable\createdatatable\x64\release\stockprice.obj
c:\users\edgar\onedrive\projects\source\repos\createdatatable\createdatatable\x64\release\table.obj
c:\users\edgar\onedrive\projects\source\repos\createdatatable\createdatatable\x64\release\createdatatable.pch
c:\users\edgar\onedrive\projects\source\repos\createdatatable\createdatatable\x64\release\vc141.pdb
c:\users\edgar\onedrive\projects\source\repos\createdatatable\x64\release\createdatatable.pdb
c:\users\edgar\onedrive\projects\source\repos\createdatatable\x64\release\createdatatable.exe
c:\users\edgar\onedrive\projects\source\repos\createdatatable\createdatatable\x64\release\createdatatable.tlog\cl.command.1.tlog
c:\users\edgar\onedrive\projects\source\repos\createdatatable\createdatatable\x64\release\createdatatable.tlog\cl.read.1.tlog
c:\users\edgar\onedrive\projects\source\repos\createdatatable\createdatatable\x64\release\createdatatable.tlog\cl.write.1.tlog
c:\users\edgar\onedrive\projects\source\repos\createdatatable\createdatatable\x64\release\createdatatable.tlog\createdatatable.write.1u.tlog
c:\users\edgar\onedrive\projects\source\repos\createdatatable\createdatatable\x64\release\createdatatable.tlog\link.command.1.tlog
c:\users\edgar\onedrive\projects\source\repos\createdatatable\createdatatable\x64\release\createdatatable.tlog\link.read.1.tlog
c:\users\edgar\onedrive\projects\source\repos\createdatatable\createdatatable\x64\release\createdatatable.tlog\link.write.1.tlog
